Using pre-set license
Built from '2020.3/staging' branch; Version is '2020.3.0f1 (c7b5465681fb) revision 13088070'; Using compiler version '192528614'; Build Type 'Release'
OS: 'Windows 10 Pro; OS build 19042.867; Version 2009; 64bit' Language: 'ko' Physical Memory: 16252 MB
BatchMode: 1, IsHumanControllingUs: 0, StartBugReporterOnCrash: 0, Is64bit: 1, IsPro: 0

 COMMAND LINE ARGUMENTS:
C:\Program Files\2020.3.0f1\Editor\Unity.exe
-adb2
-batchMode
-noUpm
-name
AssetImportWorker0
-projectPath
C:/Users/Cogsci/Documents/GitHub/KINLAB_K_PTAndroid/KINLAB_K_PTAndroid_Unity/KINLAB_K_PT_AndroidUnity
-logFile
Logs/AssetImportWorker0.log
-srvPort
63332
Successfully changed project path to: C:/Users/Cogsci/Documents/GitHub/KINLAB_K_PTAndroid/KINLAB_K_PTAndroid_Unity/KINLAB_K_PT_AndroidUnity
C:/Users/Cogsci/Documents/GitHub/KINLAB_K_PTAndroid/KINLAB_K_PTAndroid_Unity/KINLAB_K_PT_AndroidUnity
Using Asset Import Pipeline V2.
Refreshing native plugins compatible for Editor in 30.75 ms, found 0 plugins.
Preloading 0 native plugins for Editor in 0.00 ms.
Initialize engine version: 2020.3.0f1 (c7b5465681fb)
[Subsystems] Discovering subsystems at path C:/Program Files/2020.3.0f1/Editor/Data/Resources/UnitySubsystems
[Subsystems] Discovering subsystems at path C:/Users/Cogsci/Documents/GitHub/KINLAB_K_PTAndroid/KINLAB_K_PTAndroid_Unity/KINLAB_K_PT_AndroidUnity/Assets
GfxDevice: creating device client; threaded=0
Direct3D:
    Version:  Direct3D 11.0 [level 11.1]
    Renderer: NVIDIA GeForce RTX 2070 Super (ID=0x1e91)
    Vendor:   
    VRAM:     8011 MB
    Driver:   27.21.14.5167
Initialize mono
Mono path[0] = 'C:/Program Files/2020.3.0f1/Editor/Data/Managed'
Mono path[1] = 'C:/Program Files/2020.3.0f1/Editor/Data/MonoBleedingEdge/lib/mono/unityjit'
Mono config path = 'C:/Program Files/2020.3.0f1/Editor/Data/MonoBleedingEdge/etc'
Using monoOptions --debugger-agent=transport=dt_socket,embedding=1,server=y,suspend=n,address=127.0.0.1:56580
Begin MonoManager ReloadAssembly
Registering precompiled unity dll's ...
Register platform support module: C:/Program Files/2020.3.0f1/Editor/Data/PlaybackEngines/MacStandaloneSupport/UnityEditor.OSXStandalone.Extensions.dll
Register platform support module: C:/Program Files/2020.3.0f1/Editor/Data/PlaybackEngines/WindowsStandaloneSupport/UnityEditor.WindowsStandalone.Extensions.dll
Registered in 0.003533 seconds.
Native extension for WindowsStandalone target not found
Native extension for OSXStandalone target not found
Refreshing native plugins compatible for Editor in 28.50 ms, found 0 plugins.
Preloading 0 native plugins for Editor in 0.00 ms.
Invoked RoslynAnalysisRunner static constructor.
RoslynAnalysisRunner will not be running.
RoslynAnalysisRunner has terminated.
Mono: successfully reloaded assembly
- Completed reload, in  2.411 seconds
Platform modules already initialized, skipping
Registering precompiled user dll's ...
Registered in 0.000792 seconds.
Begin MonoManager ReloadAssembly
Native extension for WindowsStandalone target not found
Native extension for OSXStandalone target not found
Refreshing native plugins compatible for Editor in 1.27 ms, found 0 plugins.
Preloading 0 native plugins for Editor in 0.00 ms.
Invoked RoslynAnalysisRunner static constructor.
RoslynAnalysisRunner will not be running.
RoslynAnalysisRunner has terminated.
Mono: successfully reloaded assembly
- Completed reload, in  1.339 seconds
Platform modules already initialized, skipping
========================================================================
Worker process is ready to serve import requests
Launched and connected shader compiler UnityShaderCompiler.exe after 0.07 seconds
Refreshing native plugins compatible for Editor in 0.94 ms, found 0 plugins.
Preloading 0 native plugins for Editor in 0.00 ms.
Unloading 1116 Unused Serialized files (Serialized files now loaded: 0)
System memory in use before: 60.0 MB.
System memory in use after: 60.0 MB.

Unloading 11 unused Assets to reduce memory usage. Loaded Objects now: 1557.
Total: 4.425800 ms (FindLiveObjects: 1.115400 ms CreateObjectMapping: 0.237000 ms MarkObjects: 2.943500 ms  DeleteObjects: 0.125500 ms)

========================================================================
Received Import Request.
  path: Assets/Plugins/Android/unitylove-debug.aar
  artifactKey: Guid(a11eb3e898591834fa60434c6c6bcbce) Importer(815301076,1909f56bfc062723c751e8b465ee728b)
Start importing Assets/Plugins/Android/unitylove-debug.aar using Guid(a11eb3e898591834fa60434c6c6bcbce) Importer(815301076,1909f56bfc062723c751e8b465ee728b)  -> (artifact id: 'f2c59c57719ebc431705e2788941cfa3') in 0.058043 seconds
  Import took 0.061582 seconds .

========================================================================
Received Import Request.
  Time since last request: 42.696995 seconds.
  path: Assets/Plugins/Android/unitylove-debug.aar
  artifactKey: Guid(a11eb3e898591834fa60434c6c6bcbce) Importer(815301076,1909f56bfc062723c751e8b465ee728b)
Start importing Assets/Plugins/Android/unitylove-debug.aar using Guid(a11eb3e898591834fa60434c6c6bcbce) Importer(815301076,1909f56bfc062723c751e8b465ee728b)  -> (artifact id: '1a91feba6e3fd096143acac81c50b6b6') in 0.004275 seconds
  Import took 0.007530 seconds .

========================================================================
Received Prepare
Refreshing native plugins compatible for Editor in 0.90 ms, found 0 plugins.
Preloading 0 native plugins for Editor in 0.00 ms.
Unloading 4 Unused Serialized files (Serialized files now loaded: 0)
System memory in use before: 37.5 MB.
System memory in use after: 37.5 MB.

Unloading 4 unused Assets to reduce memory usage. Loaded Objects now: 1557.
Total: 1.919700 ms (FindLiveObjects: 0.202400 ms CreateObjectMapping: 0.049500 ms MarkObjects: 1.630600 ms  DeleteObjects: 0.036500 ms)

========================================================================
Received Import Request.
  Time since last request: 133.760491 seconds.
  path: Assets/Plugins/Android/unitylove-debug.aar
  artifactKey: Guid(a11eb3e898591834fa60434c6c6bcbce) Importer(815301076,1909f56bfc062723c751e8b465ee728b)
Start importing Assets/Plugins/Android/unitylove-debug.aar using Guid(a11eb3e898591834fa60434c6c6bcbce) Importer(815301076,1909f56bfc062723c751e8b465ee728b)  -> (artifact id: '89f74f7c25c87c4b70b9705211f4e3a8') in 0.005241 seconds
  Import took 0.008673 seconds .

========================================================================
Received Import Request.
  Time since last request: 340.128281 seconds.
  path: Assets/Plugins/Android/AndroidManifest.xml
  artifactKey: Guid(e8d49cd8d58589947885afceaae540e9) Importer(815301076,1909f56bfc062723c751e8b465ee728b)
Start importing Assets/Plugins/Android/AndroidManifest.xml using Guid(e8d49cd8d58589947885afceaae540e9) Importer(815301076,1909f56bfc062723c751e8b465ee728b)  -> (artifact id: '26e8e9bc0f2e1391e98fccadd96f6395') in 0.024207 seconds
  Import took 0.026231 seconds .

========================================================================
Received Prepare
Registering precompiled user dll's ...
Registered in 0.000648 seconds.
Begin MonoManager ReloadAssembly
Native extension for WindowsStandalone target not found
Native extension for OSXStandalone target not found
Refreshing native plugins compatible for Editor in 0.21 ms, found 0 plugins.
Preloading 0 native plugins for Editor in 0.00 ms.
Invoked RoslynAnalysisRunner static constructor.
RoslynAnalysisRunner will not be running.
RoslynAnalysisRunner has terminated.
Mono: successfully reloaded assembly
- Completed reload, in  0.647 seconds
Platform modules already initialized, skipping
Switching build target platform(5) subTarget(0) extendedPlatform(0) -> platform(13) subTarget(537395200) extendedPlatform(0)
Refreshing native plugins compatible for Editor in 0.30 ms, found 0 plugins.
Preloading 0 native plugins for Editor in 0.00 ms.
Unloading 1114 Unused Serialized files (Serialized files now loaded: 0)
System memory in use before: 60.0 MB.
System memory in use after: 60.0 MB.

Unloading 6 unused Assets to reduce memory usage. Loaded Objects now: 1560.
Total: 1.420700 ms (FindLiveObjects: 0.135100 ms CreateObjectMapping: 0.026200 ms MarkObjects: 1.213500 ms  DeleteObjects: 0.044500 ms)

AssetImportParameters requested are different than current active one (requested -> active):
  custom:graphics/normal-map-encoding: 01000000000000000000000000000000 -> 02000000000000000000000000000000
========================================================================
Received Prepare
Refreshing native plugins compatible for Editor in 0.95 ms, found 0 plugins.
Preloading 0 native plugins for Editor in 0.00 ms.
Unloading 4 Unused Serialized files (Serialized files now loaded: 0)
System memory in use before: 37.6 MB.
System memory in use after: 37.7 MB.

Unloading 4 unused Assets to reduce memory usage. Loaded Objects now: 1560.
Total: 5.222900 ms (FindLiveObjects: 0.761800 ms CreateObjectMapping: 0.219500 ms MarkObjects: 4.202900 ms  DeleteObjects: 0.036700 ms)

========================================================================
Received Import Request.
  Time since last request: 93.298229 seconds.
  path: Assets/Plugins/AndroidManifest.xml
  artifactKey: Guid(97015f60575f2c846a2e656d11d3aad4) Importer(815301076,1909f56bfc062723c751e8b465ee728b)
Start importing Assets/Plugins/AndroidManifest.xml using Guid(97015f60575f2c846a2e656d11d3aad4) Importer(815301076,1909f56bfc062723c751e8b465ee728b)  -> (artifact id: '21680b807b34ca5dd8c3057229ac870f') in 0.013782 seconds
  Import took 0.016410 seconds .

========================================================================
Received Prepare
Refreshing native plugins compatible for Editor in 0.83 ms, found 0 plugins.
Preloading 0 native plugins for Editor in 0.00 ms.
Unloading 4 Unused Serialized files (Serialized files now loaded: 0)
System memory in use before: 37.6 MB.
System memory in use after: 37.7 MB.

Unloading 4 unused Assets to reduce memory usage. Loaded Objects now: 1560.
Total: 2.202700 ms (FindLiveObjects: 0.147600 ms CreateObjectMapping: 0.060500 ms MarkObjects: 1.951200 ms  DeleteObjects: 0.042000 ms)

========================================================================
Received Prepare
Registering precompiled user dll's ...
Registered in 0.000728 seconds.
Begin MonoManager ReloadAssembly
Native extension for WindowsStandalone target not found
Native extension for OSXStandalone target not found
Refreshing native plugins compatible for Editor in 0.21 ms, found 0 plugins.
Preloading 0 native plugins for Editor in 0.00 ms.
Invoked RoslynAnalysisRunner static constructor.
RoslynAnalysisRunner will not be running.
RoslynAnalysisRunner has terminated.
Mono: successfully reloaded assembly
- Completed reload, in  0.675 seconds
Platform modules already initialized, skipping
Switching build target platform(5) subTarget(0) extendedPlatform(0) -> platform(13) subTarget(537395200) extendedPlatform(0)
Refreshing native plugins compatible for Editor in 0.19 ms, found 0 plugins.
Preloading 0 native plugins for Editor in 0.00 ms.
Unloading 1114 Unused Serialized files (Serialized files now loaded: 0)
System memory in use before: 60.0 MB.
System memory in use after: 60.1 MB.

Unloading 6 unused Assets to reduce memory usage. Loaded Objects now: 1563.
Total: 2.096600 ms (FindLiveObjects: 0.134100 ms CreateObjectMapping: 0.038600 ms MarkObjects: 1.857200 ms  DeleteObjects: 0.065800 ms)

AssetImportParameters requested are different than current active one (requested -> active):
  custom:graphics/normal-map-encoding: 01000000000000000000000000000000 -> 02000000000000000000000000000000
========================================================================
Received Import Request.
  Time since last request: 59582.941614 seconds.
  path: Assets/Script/androidPlugin.cs
  artifactKey: Guid(4c69522668f28664789d70d1ad711624) Importer(815301076,1909f56bfc062723c751e8b465ee728b)
Start importing Assets/Script/androidPlugin.cs using Guid(4c69522668f28664789d70d1ad711624) Importer(815301076,1909f56bfc062723c751e8b465ee728b)  -> (artifact id: 'a162cf8042ee89a8aef4b68422112372') in 0.023053 seconds
  Import took 0.025711 seconds .

========================================================================
Received Prepare
Registering precompiled user dll's ...
Registered in 0.000489 seconds.
Begin MonoManager ReloadAssembly
Native extension for WindowsStandalone target not found
Native extension for OSXStandalone target not found
Refreshing native plugins compatible for Editor in 0.20 ms, found 0 plugins.
Preloading 0 native plugins for Editor in 0.00 ms.
Invoked RoslynAnalysisRunner static constructor.
RoslynAnalysisRunner will not be running.
RoslynAnalysisRunner has terminated.
Mono: successfully reloaded assembly
- Completed reload, in  0.681 seconds
Platform modules already initialized, skipping
Switching build target platform(5) subTarget(0) extendedPlatform(0) -> platform(13) subTarget(537395200) extendedPlatform(0)
Refreshing native plugins compatible for Editor in 0.18 ms, found 0 plugins.
Preloading 0 native plugins for Editor in 0.00 ms.
Unloading 1114 Unused Serialized files (Serialized files now loaded: 0)
System memory in use before: 60.0 MB.
System memory in use after: 60.1 MB.

Unloading 6 unused Assets to reduce memory usage. Loaded Objects now: 1566.
Total: 4.039800 ms (FindLiveObjects: 0.571200 ms CreateObjectMapping: 0.118100 ms MarkObjects: 3.239500 ms  DeleteObjects: 0.109800 ms)

AssetImportParameters requested are different than current active one (requested -> active):
  custom:graphics/normal-map-encoding: 01000000000000000000000000000000 -> 02000000000000000000000000000000
========================================================================
Received Import Request.
  Time since last request: 15.329031 seconds.
  path: Assets/Script/androidPlugin.cs
  artifactKey: Guid(4c69522668f28664789d70d1ad711624) Importer(815301076,1909f56bfc062723c751e8b465ee728b)
Start importing Assets/Script/androidPlugin.cs using Guid(4c69522668f28664789d70d1ad711624) Importer(815301076,1909f56bfc062723c751e8b465ee728b)  -> (artifact id: '3c156caf4c725a6221132ee82613df8e') in 0.005854 seconds
  Import took 0.007401 seconds .

========================================================================
Received Import Request.
  Time since last request: 1.300564 seconds.
  path: Assets/Script/androidPlugin.cs
  artifactKey: Guid(4c69522668f28664789d70d1ad711624) Importer(815301076,1909f56bfc062723c751e8b465ee728b)
Start importing Assets/Script/androidPlugin.cs using Guid(4c69522668f28664789d70d1ad711624) Importer(815301076,1909f56bfc062723c751e8b465ee728b)  -> (artifact id: '3c156caf4c725a6221132ee82613df8e') in 0.001999 seconds
  Import took 0.003620 seconds .

========================================================================
Received Prepare
Registering precompiled user dll's ...
Registered in 0.001971 seconds.
Begin MonoManager ReloadAssembly
Native extension for WindowsStandalone target not found
Native extension for OSXStandalone target not found
Refreshing native plugins compatible for Editor in 0.22 ms, found 0 plugins.
Preloading 0 native plugins for Editor in 0.00 ms.
Invoked RoslynAnalysisRunner static constructor.
RoslynAnalysisRunner will not be running.
RoslynAnalysisRunner has terminated.
Mono: successfully reloaded assembly
- Completed reload, in  0.775 seconds
Platform modules already initialized, skipping
Switching build target platform(5) subTarget(0) extendedPlatform(0) -> platform(13) subTarget(537395200) extendedPlatform(0)
Refreshing native plugins compatible for Editor in 0.44 ms, found 0 plugins.
Preloading 0 native plugins for Editor in 0.00 ms.
Unloading 1114 Unused Serialized files (Serialized files now loaded: 0)
System memory in use before: 60.0 MB.
System memory in use after: 60.1 MB.

Unloading 6 unused Assets to reduce memory usage. Loaded Objects now: 1569.
Total: 3.219000 ms (FindLiveObjects: 0.335200 ms CreateObjectMapping: 0.117400 ms MarkObjects: 2.680600 ms  DeleteObjects: 0.083500 ms)

AssetImportParameters requested are different than current active one (requested -> active):
  custom:graphics/normal-map-encoding: 01000000000000000000000000000000 -> 02000000000000000000000000000000
========================================================================
Received Prepare
Refreshing native plugins compatible for Editor in 1.00 ms, found 0 plugins.
Preloading 0 native plugins for Editor in 0.00 ms.
Unloading 4 Unused Serialized files (Serialized files now loaded: 0)
System memory in use before: 37.7 MB.
System memory in use after: 37.8 MB.

Unloading 4 unused Assets to reduce memory usage. Loaded Objects now: 1569.
Total: 1.665300 ms (FindLiveObjects: 0.154800 ms CreateObjectMapping: 0.052600 ms MarkObjects: 1.418600 ms  DeleteObjects: 0.038600 ms)

AssetImportWorkerClient::OnTransportError - code=2 error=End of file
